<?xml version="1.0" encoding="UTF-8"?>
<!-- Generated by org.testng.reporters.JUnitXMLReporter -->
<testsuite hostname="DESKTOP-M7BR9T5" ignored="0" name="FreeCRM Application Test" tests="6" failures="0" timestamp="23 Jul 2018 18:52:47 GMT" time="66.237" errors="0">
  <testcase name="verifyContactsLabelTest" time="0.059" classname="com.crm.qa.testcases.ContactsPageTest"/>
  <testcase name="loginPageTitleTest" time="0.024" classname="com.crm.qa.testcases.LoginPageTest"/>
  <testcase name="CRMlogoImageTest" time="0.098" classname="com.crm.qa.testcases.LoginPageTest"/>
  <testcase name="selectContactsTest" time="0.14" classname="com.crm.qa.testcases.ContactsPageTest"/>
  <testcase name="loginTest" time="2.88" classname="com.crm.qa.testcases.LoginPageTest"/>
  <testcase name="verifyContactsPageLinkTest" time="1.091" classname="com.crm.qa.testcases.HomePageTest"/>
</testsuite> <!-- FreeCRM Application Test -->
