<?xml version="1.0" encoding="UTF-8"?>
<!-- Generated by org.testng.reporters.JUnitXMLReporter -->
<testsuite hostname="DESKTOP-M7BR9T5" ignored="0" name="Default test" tests="2" failures="0" timestamp="23 Jul 2018 18:40:48 GMT" time="30.512" errors="0">
  <testcase name="verifyContactsLabelTest" time="0.049" classname="com.crm.qa.testcases.ContactsPageTest"/>
  <testcase name="selectContactsTest" time="0.142" classname="com.crm.qa.testcases.ContactsPageTest"/>
</testsuite> <!-- Default test -->
